#
# There is insufficient memory for the Java Runtime Environment to continue.
# Native memory allocation (mmap) failed to map 117440512 bytes for G1 virtual space
# Possible reasons:
#   The system is out of physical RAM or swap space
#   The process is running with CompressedOops enabled, and the Java Heap may be blocking the growth of the native heap
# Possible solutions:
#   Reduce memory load on the system
#   Increase physical memory or swap space
#   Check if swap backing store is full
#   Decrease Java heap size (-Xmx/-Xms)
#   Decrease number of Java threads
#   Decrease Java thread stack sizes (-Xss)
#   Set larger code cache with -XX:ReservedCodeCacheSize=
#   JVM is running with Unscaled Compressed Oops mode in which the Java heap is
#     placed in the first 4GB address space. The Java Heap base address is the
#     maximum limit for the native heap growth. Please use -XX:HeapBaseMinAddress
#     to set the Java Heap base and to place the Java Heap above 4GB virtual address.
# This output file may be truncated or incomplete.
#
#  Out of Memory Error (os_windows.cpp:3753), pid=7628, tid=6148
#
# JRE version:  (17.0.4.1+7) (build )
# Java VM: OpenJDK 64-Bit Server VM (17.0.4.1+7-b469.62, mixed mode, sharing, tiered, compressed oops, compressed class ptrs, g1 gc, windows-amd64)
# No core dump will be written. Minidumps are not enabled by default on client versions of Windows
#

---------------  S U M M A R Y ------------

Command Line: git4idea.http.GitAskPassApp Password for 'https://github.com': 

Host: AMD A8-7410 APU with AMD Radeon R5 Graphics    , 4 cores, 6G,  Windows 7 , 64 bit Build 7601 (6.1.7601.23572)
Time: Wed Oct 19 13:52:22 2022 Ньюфаундлендское время (зима) elapsed time: 0.043467 seconds (0d 0h 0m 0s)

---------------  T H R E A D  ---------------

Current thread (0x00000000005573c0):  JavaThread "Unknown thread" [_thread_in_vm, id=6148, stack(0x0000000001e20000,0x0000000001f20000)]

Stack: [0x0000000001e20000,0x0000000001f20000]
Native frames: (J=compiled Java code, j=interpreted, Vv=VM code, C=native code)
V  [jvm.dll+0x68356a]
V  [jvm.dll+0x83fab4]
V  [jvm.dll+0x84125e]
V  [jvm.dll+0x8418c3]
V  [jvm.dll+0x249735]
V  [jvm.dll+0x680439]
V  [jvm.dll+0x674a7a]
V  [jvm.dll+0x30956b]
V  [jvm.dll+0x310a26]
V  [jvm.dll+0x36089e]
V  [jvm.dll+0x360acf]
V  [jvm.dll+0x2df658]
V  [jvm.dll+0x2e05c4]
V  [jvm.dll+0x8112a1]
V  [jvm.dll+0x36e6f1]
V  [jvm.dll+0x7f076c]
V  [jvm.dll+0x3f180f]
V  [jvm.dll+0x3f3351]
C  [jli.dll+0x526b]
C  [ucrtbase.DLL+0x1cab0]
C  [kernel32.dll+0x159cd]
C  [ntdll.dll+0x2a561]


---------------  P R O C E S S  ---------------

Threads class SMR info:
_java_thread_list=0x000007fee6ed7f58, length=0, elements={
}

Java Threads: ( => current thread )

Other Threads:
  0x00000000005b0ab0 GCTaskThread "GC Thread#0" [stack: 0x00000000193e0000,0x00000000194e0000] [id=7552]
  0x00000000005bf8e0 ConcurrentGCThread "G1 Main Marker" [stack: 0x00000000192d0000,0x00000000193d0000] [id=6424]
  0x00000000005c1dc0 ConcurrentGCThread "G1 Conc#0" [stack: 0x0000000019650000,0x0000000019750000] [id=5720]

[error occurred during error reporting (printing all threads), id 0xc0000005, EXCEPTION_ACCESS_VIOLATION (0xc0000005) at pc=0x000007fee6690217]

VM state: not at safepoint (not fully initialized)

VM Mutex/Monitor currently owned by a thread:  ([mutex/lock_event])
[0x000000000054ff90] Heap_lock - owner thread: 0x00000000005573c0

Heap address: 0x0000000090800000, size: 1784 MB, Compressed Oops mode: 32-bit

CDS archive(s) mapped at: [0x0000000000000000-0x0000000000000000-0x0000000000000000), size 0, SharedBaseAddress: 0x0000000800000000, ArchiveRelocationMode: 0.
Narrow klass base: 0x0000000000000000, Narrow klass shift: 0, Narrow klass range: 0x0

GC Precious Log:
<Empty>

Heap:
 garbage-first heap   total 0K, used 0K [0x0000000090800000, 0x0000000100000000)
  region size 1024K, 0 young (0K), 0 survivors (0K)

[error occurred during error reporting (printing heap information), id 0xc0000005, EXCEPTION_ACCESS_VIOLATION (0xc0000005) at pc=0x000007fee6a7d1f9]

GC Heap History (0 events):
No events

Deoptimization events (0 events):
No events

Classes unloaded (0 events):
No events

Classes redefined (0 events):
No events

Internal exceptions (0 events):
No events

VM Operations (0 events):
No events

Events (1 events):
Event: 0.014 Loaded shared library C:\Program Files\JetBrains\IntelliJ IDEA 2022.2.3\jbr\bin\java.dll


Dynamic libraries:
0x000000013ff60000 - 0x000000013ff6a000 	C:\Program Files\JetBrains\IntelliJ IDEA 2022.2.3\jbr\bin\java.exe
0x0000000077590000 - 0x000000007773a000 	C:\Windows\SYSTEM32\ntdll.dll
0x000007fee7f50000 - 0x000007fee7f67000 	C:\Program Files\AVAST Software\Avast\aswhook.dll
0x0000000077470000 - 0x000000007758f000 	C:\Windows\system32\kernel32.dll
0x000007fefd4e0000 - 0x000007fefd54a000 	C:\Windows\system32\KERNELBASE.dll
0x000007fef5390000 - 0x000007fef53a7000 	C:\Program Files\JetBrains\IntelliJ IDEA 2022.2.3\jbr\bin\jli.dll
0x000007fefbe40000 - 0x000007fefc034000 	C:\Windows\WinSxS\amd64_microsoft.windows.common-controls_6595b64144ccf1df_6.0.7601.23403_none_e36ad4593102f066\COMCTL32.dll
0x000007fefe4c0000 - 0x000007fefe55f000 	C:\Windows\system32\msvcrt.dll
0x000007fefe100000 - 0x000007fefe167000 	C:\Windows\system32\GDI32.dll
0x0000000077370000 - 0x000000007746a000 	C:\Windows\system32\USER32.dll
0x000007fefe380000 - 0x000007fefe38e000 	C:\Windows\system32\LPK.dll
0x000007fefe170000 - 0x000007fefe23a000 	C:\Windows\system32\USP10.dll
0x000007fefe080000 - 0x000007fefe0f1000 	C:\Windows\system32\SHLWAPI.dll
0x000007fef4360000 - 0x000007fef437b000 	C:\Program Files\JetBrains\IntelliJ IDEA 2022.2.3\jbr\bin\VCRUNTIME140.dll
0x000007fef5970000 - 0x000007fef5974000 	C:\Program Files\JetBrains\IntelliJ IDEA 2022.2.3\jbr\bin\api-ms-win-crt-runtime-l1-1-0.dll
0x000007fec9460000 - 0x000007fec9555000 	C:\Program Files\JetBrains\IntelliJ IDEA 2022.2.3\jbr\bin\ucrtbase.DLL
0x000007fef5800000 - 0x000007fef5803000 	C:\Program Files\JetBrains\IntelliJ IDEA 2022.2.3\jbr\bin\api-ms-win-core-timezone-l1-1-0.dll
0x000007fef4350000 - 0x000007fef4353000 	C:\Program Files\JetBrains\IntelliJ IDEA 2022.2.3\jbr\bin\api-ms-win-core-file-l2-1-0.dll
0x000007fef42b0000 - 0x000007fef42b3000 	C:\Program Files\JetBrains\IntelliJ IDEA 2022.2.3\jbr\bin\api-ms-win-core-localization-l1-2-0.dll
0x000007fef42a0000 - 0x000007fef42a3000 	C:\Program Files\JetBrains\IntelliJ IDEA 2022.2.3\jbr\bin\api-ms-win-core-synch-l1-2-0.dll
0x000007fef4290000 - 0x000007fef4293000 	C:\Program Files\JetBrains\IntelliJ IDEA 2022.2.3\jbr\bin\api-ms-win-core-processthreads-l1-1-1.dll
0x000007fef4280000 - 0x000007fef4283000 	C:\Program Files\JetBrains\IntelliJ IDEA 2022.2.3\jbr\bin\api-ms-win-core-file-l1-2-0.dll
0x000007fef3fb0000 - 0x000007fef3fb3000 	C:\Program Files\JetBrains\IntelliJ IDEA 2022.2.3\jbr\bin\api-ms-win-crt-heap-l1-1-0.dll
0x000007fef3a70000 - 0x000007fef3a74000 	C:\Program Files\JetBrains\IntelliJ IDEA 2022.2.3\jbr\bin\api-ms-win-crt-string-l1-1-0.dll
0x000007fef3a60000 - 0x000007fef3a64000 	C:\Program Files\JetBrains\IntelliJ IDEA 2022.2.3\jbr\bin\api-ms-win-crt-stdio-l1-1-0.dll
0x000007fef3a50000 - 0x000007fef3a54000 	C:\Program Files\JetBrains\IntelliJ IDEA 2022.2.3\jbr\bin\api-ms-win-crt-convert-l1-1-0.dll
0x000007fef38b0000 - 0x000007fef38b3000 	C:\Program Files\JetBrains\IntelliJ IDEA 2022.2.3\jbr\bin\api-ms-win-crt-environment-l1-1-0.dll
0x000007fef38a0000 - 0x000007fef38a3000 	C:\Program Files\JetBrains\IntelliJ IDEA 2022.2.3\jbr\bin\api-ms-win-crt-filesystem-l1-1-0.dll
0x000007fef3890000 - 0x000007fef3895000 	C:\Program Files\JetBrains\IntelliJ IDEA 2022.2.3\jbr\bin\api-ms-win-crt-math-l1-1-0.dll
0x000007fef3880000 - 0x000007fef3883000 	C:\Program Files\JetBrains\IntelliJ IDEA 2022.2.3\jbr\bin\api-ms-win-crt-locale-l1-1-0.dll
0x000007fefd680000 - 0x000007fefd6ae000 	C:\Windows\system32\IMM32.DLL
0x000007fefdf70000 - 0x000007fefe079000 	C:\Windows\system32\MSCTF.dll
0x000007fee8690000 - 0x000007fee869c000 	C:\Program Files\JetBrains\IntelliJ IDEA 2022.2.3\jbr\bin\vcruntime140_1.dll
0x000007fee4f60000 - 0x000007fee4fed000 	C:\Program Files\JetBrains\IntelliJ IDEA 2022.2.3\jbr\bin\msvcp140.dll
0x000007fef34d0000 - 0x000007fef34d3000 	C:\Program Files\JetBrains\IntelliJ IDEA 2022.2.3\jbr\bin\api-ms-win-crt-time-l1-1-0.dll
0x000007fef34b0000 - 0x000007fef34b3000 	C:\Program Files\JetBrains\IntelliJ IDEA 2022.2.3\jbr\bin\api-ms-win-crt-utility-l1-1-0.dll
0x000007fee63a0000 - 0x000007fee7009000 	C:\Program Files\JetBrains\IntelliJ IDEA 2022.2.3\jbr\bin\server\jvm.dll
0x000007fefe2a0000 - 0x000007fefe37b000 	C:\Windows\system32\ADVAPI32.dll
0x000007feff6a0000 - 0x000007feff6bf000 	C:\Windows\SYSTEM32\sechost.dll
0x000007fefe390000 - 0x000007fefe4bd000 	C:\Windows\system32\RPCRT4.dll
0x000007fef9f30000 - 0x000007fef9f39000 	C:\Windows\system32\WSOCK32.dll
0x000007fefd990000 - 0x000007fefd9dd000 	C:\Windows\system32\WS2_32.dll
0x000007fefdd30000 - 0x000007fefdd38000 	C:\Windows\system32\NSI.dll
0x000007fef9f60000 - 0x000007fef9f9b000 	C:\Windows\system32\WINMM.dll
0x000007fefc390000 - 0x000007fefc39c000 	C:\Windows\system32\VERSION.dll
0x0000000077760000 - 0x0000000077767000 	C:\Windows\system32\PSAPI.DLL
0x000007fee6160000 - 0x000007fee616a000 	C:\Program Files\JetBrains\IntelliJ IDEA 2022.2.3\jbr\bin\jimage.dll
0x000007fefaa50000 - 0x000007fefab75000 	C:\Windows\system32\DBGHELP.DLL
0x000007fee61d0000 - 0x000007fee61f5000 	C:\Program Files\JetBrains\IntelliJ IDEA 2022.2.3\jbr\bin\java.dll

dbghelp: loaded successfully - version: 4.0.5 - missing functions: none
symbol engine: initialized successfully - sym options: 0x614 - pdb path: .;C:\Program Files\JetBrains\IntelliJ IDEA 2022.2.3\jbr\bin;C:\Windows\SYSTEM32;C:\Program Files\AVAST Software\Avast;C:\Windows\WinSxS\amd64_microsoft.windows.common-controls_6595b64144ccf1df_6.0.7601.23403_none_e36ad4593102f066;C:\Program Files\JetBrains\IntelliJ IDEA 2022.2.3\jbr\bin\server

VM Arguments:
java_command: git4idea.http.GitAskPassApp Password for 'https://github.com': 
java_class_path (initial): C:/Program Files/JetBrains/IntelliJ IDEA 2022.2.3/plugins/git4idea/lib/git4idea-rt.jar;C:/Program Files/JetBrains/IntelliJ IDEA 2022.2.3/lib/externalProcess-rt.jar;C:/Program Files/JetBrains/IntelliJ IDEA 2022.2.3/lib/app.jar;C:/Program Files/JetBrains/IntelliJ IDEA 2022.2.3/lib/3rd-party-rt.jar
Launcher Type: SUN_STANDARD

[Global flags]
     intx CICompilerCount                          = 3                                         {product} {ergonomic}
     uint ConcGCThreads                            = 1                                         {product} {ergonomic}
     uint G1ConcRefinementThreads                  = 4                                         {product} {ergonomic}
   size_t G1HeapRegionSize                         = 1048576                                   {product} {ergonomic}
    uintx GCDrainStackTargetSize                   = 64                                        {product} {ergonomic}
   size_t InitialHeapSize                          = 117440512                                 {product} {ergonomic}
   size_t MarkStackSize                            = 4194304                                   {product} {ergonomic}
   size_t MaxHeapSize                              = 1870659584                                {product} {ergonomic}
   size_t MinHeapDeltaBytes                        = 1048576                                   {product} {ergonomic}
   size_t MinHeapSize                              = 8388608                                   {product} {ergonomic}
    uintx NonNMethodCodeHeapSize                   = 5832780                                {pd product} {ergonomic}
    uintx NonProfiledCodeHeapSize                  = 122912730                              {pd product} {ergonomic}
    uintx ProfiledCodeHeapSize                     = 122912730                              {pd product} {ergonomic}
    uintx ReservedCodeCacheSize                    = 251658240                              {pd product} {ergonomic}
     bool SegmentedCodeCache                       = true                                      {product} {ergonomic}
   size_t SoftMaxHeapSize                          = 1870659584                             {manageable} {ergonomic}
     bool UseCompressedClassPointers               = true                           {product lp64_product} {ergonomic}
     bool UseCompressedOops                        = true                           {product lp64_product} {ergonomic}
     bool UseG1GC                                  = true                                      {product} {ergonomic}
     bool UseLargePagesIndividualAllocation        = false                                  {pd product} {ergonomic}

Logging:
Log output configuration:
 #0: stdout all=warning uptime,level,tags
 #1: stderr all=off uptime,level,tags

Environment Variables:
PATH=C:/Program Files/Git/mingw64/libexec/git-core;C:/Program Files/Git/mingw64/libexec/git-core;C:\Program Files\Git\mingw64\bin;C:\Program Files\Git\usr\bin;C:\Users\Алина\bin;C:\ProgramData\Oracle\Java\javapath;C:\Windows\system32;C:\Windows;C:\Windows\System32\Wbem;C:\Windows\System32\WindowsPowerShell\v1.0\;C:\Program Files\Git\cmd
USERNAME=Алина
DISPLAY=:0.0
LC_ALL=en_US.UTF-8
TERM=cygwin
TMPDIR=C:\Users\Алина\AppData\Local\Temp
OS=Windows_NT
PROCESSOR_IDENTIFIER=AMD64 Family 22 Model 48 Stepping 1, AuthenticAMD
TMP=C:\Users\Алина\AppData\Local\Temp
TEMP=C:\Users\Алина\AppData\Local\Temp



---------------  S Y S T E M  ---------------

OS:
 Windows 7 , 64 bit Build 7601 (6.1.7601.23572)
OS uptime: 0 days 14:33 hours

CPU: total 4 (initial active 4) (4 cores per cpu, 1 threads per core) family 22 model 48 stepping 1 microcode 0x0, cx8, cmov, fxsr, mmx, 3dnowpref, sse, sse2, sse3, ssse3, sse4a, sse4.1, sse4.2, popcnt, lzcnt, tsc, tscinvbit, avx, aes, clmul, bmi1, vzeroupper, clflush

Memory: 4k page, system-wide physical 7135M (1954M free)
TotalPageFile size 7133M (AvailPageFile size 80M)
current process WorkingSet (physical memory assigned to process): 10M, peak: 10M
current process commit charge ("private bytes"): 58M, peak: 168M

vm_info: OpenJDK 64-Bit Server VM (17.0.4.1+7-b469.62) for windows-amd64 JRE (17.0.4.1+7-b469.62), built on 2022-09-22 by "builduser" with MS VC++ 16.10 / 16.11 (VS2019)

END.
